#
# A fatal error has been detected by the Java Runtime Environment:
#
#  EXCEPTION_ACCESS_VIOLATION (0xc0000005) at pc=0x0000000000000000, pid=4768, tid=4836
#
# JRE version: 6.0_17-b04
# Java VM: Java HotSpot(TM) 64-Bit Server VM (14.3-b01 mixed mode windows-amd64 )
# Problematic frame:
# C  0x0000000000000000
#
# If you would like to submit a bug report, please visit:
#   http://java.sun.com/webapps/bugreport/crash.jsp
# The crash happened outside the Java Virtual Machine in native code.
# See problematic frame for where to report the bug.
#

---------------  T H R E A D  ---------------

Current thread (0x000000000ec0d000):  JavaThread "main" [_thread_in_native, id=4836, stack(0x0000000000220000,0x0000000004220000)]

siginfo: ExceptionCode=0xc0000005, ExceptionInformation=0x0000000000000008 0x0000000000000000

Registers:
EAX=0x0000000134af3850, EBX=0x000000015f22cd00, ECX=0x0000000134af3800, EDX=0x0000000000000000
ESP=0x0000000004217008, EBP=0x00000000293c80e0, ESI=0x0000000134af3800, EDI=0x000000015f22d040
EIP=0x0000000000000000, EFLAGS=0x0000000000010246

Top of Stack: (sp=0x0000000004217008)
0x0000000004217008:   000000002929e9cf 000000015f22d000
0x0000000004217018:   0000000004217038 0000000134af3800
0x0000000004217028:   00000000292d90d0 fffffffffffffffe
0x0000000004217038:   000000007297cabc 000000015f22d040
0x0000000004217048:   0000000000000002 0000000000000000
0x0000000004217058:   00000000292d90f7 00000000292d90d0
0x0000000004217068:   0000000005bbd9e0 0000000000000001
0x0000000004217078:   0000000000000001 fffffffffffffffe
0x0000000004217088:   0000000000000001 00000000292d90d0
0x0000000004217098:   00000000292aee77 0000000029369280
0x00000000042170a8:   00000000180416bb 00000000ffffffff
0x00000000042170b8:   00000000293f2300 0000000077362670
0x00000000042170c8:   0000000077367be0 000007fffffde000
0x00000000042170d8:   00000000292af0bd 0000000000000001
0x00000000042170e8:   0000000000000000 0000000000000000
0x00000000042170f8:   00000000291e0000 c000000500000001 

Instructions: (pc=0x0000000000000000)
0xfffffffffffffff0:   


Stack: [0x0000000000220000,0x0000000004220000],  sp=0x0000000004217008,  free space=65500k
Java frames: (J=compiled Java code, j=interpreted, Vv=VM code)
j  com.mathworks.jmi.NativeMatlab.SendMatlabMessage(Ljava/lang/Object;)Ljava/lang/Object;+0
j  com.mathworks.jmi.NativeMatlab.sendMatlabMessage(Ljava/lang/Object;)Ljava/lang/Object;+22
j  com.mathworks.jmi.MatlabLooper.sendMatlabMessage(Lcom/mathworks/services/message/MWMessage;)Ljava/lang/Object;+20
j  com.mathworks.jmi.Matlab.mtFevalConsoleOutput(Ljava/lang/String;[Ljava/lang/Object;I)Ljava/lang/Object;+58
j  com.mathworks.mde.desk.MLDesktop$8.run()V+14
j  com.mathworks.jmi.NativeMatlab.dispatchMTRequests(Z)V+57
v  ~StubRoutines::call_stub

---------------  P R O C E S S  ---------------

Java Threads: ( => current thread )
  0x0000000114752800 JavaThread "Active Reference Queue Daemon" daemon [_thread_blocked, id=1116, stack(0x00000001177f0000,0x0000000117870000)]
  0x0000000114753000 JavaThread "Timer-248" daemon [_thread_blocked, id=5948, stack(0x00000001222e0000,0x0000000122360000)]
  0x0000000114753800 JavaThread "Thread-324" [_thread_blocked, id=7620, stack(0x000000012e5c0000,0x000000012e640000)]
  0x0000000114751000 JavaThread "Main message loop" daemon [_thread_in_native, id=1180, stack(0x0000000122470000,0x00000001224f0000)]
  0x0000000114750000 JavaThread "Main message loop" daemon [_thread_in_native, id=4808, stack(0x0000000122380000,0x0000000122400000)]
  0x000000011474f800 JavaThread "Main message loop" daemon [_thread_in_native, id=3948, stack(0x000000011c840000,0x000000011c8c0000)]
  0x000000011474e800 JavaThread "Main message loop" daemon [_thread_in_native, id=5792, stack(0x000000011c680000,0x000000011c700000)]
  0x0000000114749000 JavaThread "Main message loop" daemon [_thread_in_native, id=6840, stack(0x000000011e080000,0x000000011e100000)]
  0x000000011474d000 JavaThread "Main message loop" daemon [_thread_in_native, id=5144, stack(0x000000011c790000,0x000000011c810000)]
  0x000000011474c800 JavaThread "Main message loop" daemon [_thread_in_native, id=7892, stack(0x000000011a3f0000,0x000000011a470000)]
  0x000000011474c000 JavaThread "Main message loop" daemon [_thread_in_native, id=4724, stack(0x000000011c5f0000,0x000000011c670000)]
  0x000000011474b000 JavaThread "Main message loop" daemon [_thread_in_native, id=7984, stack(0x0000000119ff0000,0x000000011a070000)]
  0x000000011474a800 JavaThread "Main message loop" daemon [_thread_in_native, id=3168, stack(0x000000011c320000,0x000000011c3a0000)]
  0x0000000114748000 JavaThread "Main message loop" daemon [_thread_in_native, id=5688, stack(0x0000000119e50000,0x0000000119ed0000)]
  0x0000000114747800 JavaThread "Main message loop" daemon [_thread_in_native, id=7728, stack(0x000000011a0d0000,0x000000011a150000)]
  0x0000000114746800 JavaThread "Main message loop" daemon [_thread_in_native, id=1820, stack(0x0000000118340000,0x00000001183c0000)]
  0x0000000114746000 JavaThread "Main message loop" daemon [_thread_in_native, id=5392, stack(0x0000000119f20000,0x0000000119fa0000)]
  0x00000000562ef800 JavaThread "Main message loop" daemon [_thread_in_native, id=6216, stack(0x0000000117d40000,0x0000000117dc0000)]
  0x00000000562f4800 JavaThread "Main message loop" daemon [_thread_in_native, id=3996, stack(0x00000001187d0000,0x0000000118850000)]
  0x00000000562f4000 JavaThread "Main message loop" daemon [_thread_in_native, id=4944, stack(0x0000000119d70000,0x0000000119df0000)]
  0x00000000562f3000 JavaThread "Main message loop" daemon [_thread_in_native, id=7028, stack(0x00000001181e0000,0x0000000118260000)]
  0x00000000562f2800 JavaThread "Main message loop" daemon [_thread_in_native, id=5136, stack(0x00000001182b0000,0x0000000118330000)]
  0x00000000562ed800 JavaThread "Timer-108" daemon [_thread_blocked, id=7404, stack(0x0000000117ca0000,0x0000000117d20000)]
  0x00000000562f0000 JavaThread "Main message loop" daemon [_thread_in_native, id=4504, stack(0x0000000119c90000,0x0000000119d10000)]
  0x00000000562f1000 JavaThread "com.jniwrapper.NativeResourceCollector" daemon [_thread_blocked, id=8080, stack(0x0000000116d50000,0x0000000116dd0000)]
  0x00000000562ec000 JavaThread "Timer-107" [_thread_blocked, id=7748, stack(0x000000011a150000,0x000000011a1d0000)]
  0x00000000562e9000 JavaThread "Prefs Updater" daemon [_thread_blocked, id=6512, stack(0x000000011a2f0000,0x000000011a370000)]
  0x00000000562f1800 JavaThread "pool-5-thread-1" [_thread_blocked, id=7724, stack(0x0000000116040000,0x00000001160c0000)]
  0x00000000562ef000 JavaThread "Foxtrot Single Worker Thread #1" daemon [_thread_blocked, id=2376, stack(0x0000000115fa0000,0x0000000116020000)]
  0x00000000562ee000 JavaThread "Timer-3" daemon [_thread_blocked, id=3840, stack(0x000000005b250000,0x000000005b2d0000)]
  0x00000000562ec800 JavaThread "Explorer NavigationContext request queue" [_thread_blocked, id=1752, stack(0x0000000057ca0000,0x0000000057d20000)]
  0x00000000562ea800 JavaThread "AddressBar directory emptiness poller" [_thread_blocked, id=6400, stack(0x0000000008ce0000,0x0000000008d60000)]
  0x00000000562e9800 JavaThread "Explorer Refresh Service 1666248040" [_thread_blocked, id=5484, stack(0x0000000008be0000,0x0000000008c60000)]
  0x00000000562e8800 JavaThread "Timer-1" daemon [_thread_blocked, id=7324, stack(0x00000000408e0000,0x0000000040960000)]
  0x00000000562e7800 JavaThread "TimerQueue" daemon [_thread_blocked, id=6868, stack(0x00000000253b0000,0x0000000025430000)]
  0x00000000562e7000 JavaThread "Thread-5" daemon [_thread_blocked, id=4696, stack(0x0000000010f10000,0x0000000010f90000)]
  0x0000000056238000 JavaThread "AWT-EventQueue-0" [_thread_blocked, id=4536, stack(0x000000000ff00000,0x000000000ff80000)]
  0x0000000056093000 JavaThread "com.google.common.base.internal.Finalizer" daemon [_thread_blocked, id=816, stack(0x000000000fc50000,0x000000000fcd0000)]
  0x0000000055f9c800 JavaThread "AWT-Windows" daemon [_thread_in_native, id=7228, stack(0x000000000fdf0000,0x000000000fe70000)]
  0x0000000055f9b800 JavaThread "AWT-Shutdown" [_thread_blocked, id=4484, stack(0x000000000fb30000,0x000000000fbb0000)]
  0x0000000055f9b000 JavaThread "Java2D Disposer" daemon [_thread_blocked, id=6688, stack(0x000000000fbb0000,0x000000000fc30000)]
  0x0000000055bfe800 JavaThread "Timer-0" [_thread_blocked, id=7456, stack(0x000000000fab0000,0x000000000fb30000)]
  0x0000000055b97000 JavaThread "EventMgr Dispatcher" daemon [_thread_in_native, id=7124, stack(0x0000000009370000,0x000000000d370000)]
  0x000000000f426000 JavaThread "Low Memory Detector" daemon [_thread_blocked, id=7956, stack(0x000000000f9b0000,0x000000000fa30000)]
  0x000000000f16e000 JavaThread "CompilerThread1" daemon [_thread_blocked, id=1832, stack(0x00000000e9cd0000,0x00000000edcd0000)]
  0x000000000f16a000 JavaThread "CompilerThread0" daemon [_thread_blocked, id=6348, stack(0x00000000e5ae0000,0x00000000e9ae0000)]
  0x000000000f169000 JavaThread "Attach Listener" daemon [_thread_blocked, id=7292, stack(0x000000000f840000,0x000000000f8c0000)]
  0x000000000f160000 JavaThread "Finalizer" daemon [_thread_blocked, id=2672, stack(0x000000000f780000,0x000000000f800000)]
  0x000000000f15f000 JavaThread "Reference Handler" daemon [_thread_blocked, id=5552, stack(0x000000000f680000,0x000000000f700000)]
=>0x000000000ec0d000 JavaThread "main" [_thread_in_native, id=4836, stack(0x0000000000220000,0x0000000004220000)]

Other Threads:
  0x000000000f155000 VMThread [stack: 0x00000000e1950000,0x00000000e5950000] [id=6360]
  0x000000000f457000 WatcherThread [stack: 0x00000000edce0000,0x00000000f1ce0000] [id=7172]

VM state:not at safepoint (normal execution)

VM Mutex/Monitor currently owned by a thread: None

Heap
 PSYoungGen      total 47680K, used 38951K [0x000000003d780000, 0x00000000407c0000, 0x0000000040880000)
  eden space 46080K, 82% used [0x000000003d780000,0x000000003fc81d70,0x0000000040480000)
  from space 1600K, 66% used [0x0000000040630000,0x0000000040738000,0x00000000407c0000)
  to   space 1664K, 0% used [0x0000000040480000,0x0000000040480000,0x0000000040620000)
 PSOldGen        total 150528K, used 132944K [0x0000000034480000, 0x000000003d780000, 0x000000003d780000)
  object space 150528K, 88% used [0x0000000034480000,0x000000003c654240,0x000000003d780000)
 PSPermGen       total 114560K, used 83360K [0x000000002c480000, 0x0000000033460000, 0x0000000034480000)
  object space 114560K, 72% used [0x000000002c480000,0x00000000315e8118,0x0000000033460000)

Dynamic libraries:
0x000000013f0c0000 - 0x000000013f0ed000 	C:\Program Files\MATLAB\R2012b\bin\win64\MATLAB.exe
0x0000000077230000 - 0x00000000773d9000 	C:\Windows\SYSTEM32\ntdll.dll
0x0000000077010000 - 0x000000007712f000 	C:\Windows\system32\kernel32.dll
0x000007fefd310000 - 0x000007fefd37b000 	C:\Windows\system32\KERNELBASE.dll
0x0000000074460000 - 0x000000007451f000 	C:\Program Files\MATLAB\R2012b\bin\win64\libut.dll
0x00000000758a0000 - 0x000000007595c000 	C:\Program Files\MATLAB\R2012b\bin\win64\libmwi18n.dll
0x0000000180000000 - 0x000000018000b000 	C:\Program Files\MATLAB\R2012b\bin\win64\libmwresource_core.dll
0x00000000729e0000 - 0x0000000072ab3000 	C:\Windows\WinSxS\amd64_microsoft.vc90.crt_1fc8b3b9a1e18e3b_9.0.30729.6161_none_08e61857a83bc251\MSVCP90.dll
0x0000000072930000 - 0x00000000729d3000 	C:\Windows\WinSxS\amd64_microsoft.vc90.crt_1fc8b3b9a1e18e3b_9.0.30729.6161_none_08e61857a83bc251\MSVCR90.dll
0x000000007a170000 - 0x000000007a19c000 	C:\Program Files\MATLAB\R2012b\bin\win64\boost_filesystem-vc90-mt-1_44.dll
0x000000007a560000 - 0x000000007a569000 	C:\Program Files\MATLAB\R2012b\bin\win64\boost_system-vc90-mt-1_44.dll
0x000007fefde00000 - 0x000007fefdedb000 	C:\Windows\system32\ADVAPI32.dll
0x000007feff1b0000 - 0x000007feff24f000 	C:\Windows\system32\msvcrt.dll
0x000007feff480000 - 0x000007feff49f000 	C:\Windows\SYSTEM32\sechost.dll
0x000007feff2f0000 - 0x000007feff41d000 	C:\Windows\system32\RPCRT4.dll
0x000000007a010000 - 0x000000007a035000 	C:\Program Files\MATLAB\R2012b\bin\win64\LIBEXPAT.dll
0x0000000059b20000 - 0x0000000059d11000 	C:\Program Files\MATLAB\R2012b\bin\win64\icuin44.dll
0x00000000599a0000 - 0x0000000059b11000 	C:\Program Files\MATLAB\R2012b\bin\win64\icuuc44.dll
0x0000000010000000 - 0x0000000010e41000 	C:\Program Files\MATLAB\R2012b\bin\win64\icudt44.dll
0x0000000073f70000 - 0x000000007411d000 	C:\Program Files\MATLAB\R2012b\bin\win64\libmwfl.dll
0x00000000043e0000 - 0x0000000004796000 	C:\Program Files\MATLAB\R2012b\bin\win64\libmwMATLAB_res.dll
0x000000007a3b0000 - 0x000000007a3c0000 	C:\Program Files\MATLAB\R2012b\bin\win64\boost_date_time-vc90-mt-1_44.dll
0x000000007a250000 - 0x000000007a263000 	C:\Program Files\MATLAB\R2012b\bin\win64\boost_signals-vc90-mt-1_44.dll
0x000000007a2d0000 - 0x000000007a2e2000 	C:\Program Files\MATLAB\R2012b\bin\win64\boost_thread-vc90-mt-1_44.dll
0x00000000047e0000 - 0x000000000489d000 	C:\Program Files\MATLAB\R2012b\bin\win64\boost_log-vc90-mt-1_44.dll
0x0000000077400000 - 0x0000000077407000 	C:\Windows\system32\PSAPI.DLL
0x000007fefdac0000 - 0x000007fefdb0d000 	C:\Windows\system32\WS2_32.dll
0x000007fefdd50000 - 0x000007fefdd58000 	C:\Windows\system32\NSI.dll
0x00000000048b0000 - 0x00000000048f6000 	C:\Program Files\MATLAB\R2012b\bin\win64\tbb.dll
0x000007fefdaa0000 - 0x000007fefdab9000 	C:\Windows\system32\imagehlp.dll
0x0000000067cd0000 - 0x0000000067ce3000 	C:\Program Files\MATLAB\R2012b\bin\win64\icuio44.dll
0x000007feefc70000 - 0x000007feefd95000 	C:\Windows\system32\dbghelp.dll
0x0000000077130000 - 0x000000007722a000 	C:\Windows\system32\USER32.dll
0x000007feff4a0000 - 0x000007feff507000 	C:\Windows\system32\GDI32.dll
0x000007fefd410000 - 0x000007fefd41e000 	C:\Windows\system32\LPK.dll
0x000007feff0e0000 - 0x000007feff1a9000 	C:\Windows\system32\USP10.dll
0x0000000004920000 - 0x0000000004bfc000 	C:\Program Files\MATLAB\R2012b\bin\win64\libmwservices.dll
0x0000000075a20000 - 0x0000000075af3000 	C:\Program Files\MATLAB\R2012b\bin\win64\libmx.dll
0x0000000004c20000 - 0x0000000004c49000 	C:\Program Files\MATLAB\R2012b\bin\win64\tbbmalloc.dll
0x000000007a210000 - 0x000000007a228000 	C:\Program Files\MATLAB\R2012b\bin\win64\zlib1.dll
0x0000000004c70000 - 0x0000000004cbd000 	C:\Program Files\MATLAB\R2012b\bin\win64\libmwregexp.dll
0x0000000004cd0000 - 0x0000000004cf3000 	C:\Program Files\MATLAB\R2012b\bin\win64\libmwmfl_scalar.dll
0x0000000075f10000 - 0x0000000075f60000 	C:\Program Files\MATLAB\R2012b\bin\win64\mpath.dll
0x000000007b680000 - 0x000000007bc9a000 	C:\Program Files\MATLAB\R2012b\bin\win64\mlutil.dll
0x00000000754d0000 - 0x0000000075551000 	C:\Program Files\MATLAB\R2012b\bin\win64\xmlcore.dll
0x0000000004d40000 - 0x0000000004f93000 	C:\Program Files\MATLAB\R2012b\bin\win64\xerces-c_2_7.dll
0x0000000004fb0000 - 0x0000000004fd0000 	C:\Program Files\MATLAB\R2012b\bin\win64\libmwMATLAB_settings_res.dll
0x0000000004fe0000 - 0x0000000004ff0000 	C:\Program Files\MATLAB\R2012b\bin\win64\boost_iostreams-vc90-mt-1_44.dll
0x0000000005000000 - 0x0000000005047000 	C:\Program Files\MATLAB\R2012b\bin\win64\boost_serialization-vc90-mt-1_44.dll
0x000007fefe2d0000 - 0x000007feff058000 	C:\Windows\system32\SHELL32.dll
0x000007feff060000 - 0x000007feff0d1000 	C:\Windows\system32\SHLWAPI.dll
0x000007fef9fa0000 - 0x000007fefa040000 	C:\Windows\WinSxS\amd64_microsoft.windows.common-controls_6595b64144ccf1df_5.82.7601.18201_none_a4d3b9377117c3df\COMCTL32.dll
0x000007fefdd60000 - 0x000007fefddf7000 	C:\Windows\system32\COMDLG32.dll
0x000007fefaa90000 - 0x000007fefaaa6000 	C:\Windows\system32\NETAPI32.dll
0x000007fefaa80000 - 0x000007fefaa8c000 	C:\Windows\system32\netutils.dll
0x000007fefcb50000 - 0x000007fefcb73000 	C:\Windows\system32\srvcli.dll
0x000007fefaa60000 - 0x000007fefaa75000 	C:\Windows\system32\wkscli.dll
0x000007fefe0c0000 - 0x000007fefe2c3000 	C:\Windows\system32\ole32.dll
0x000007fefd9c0000 - 0x000007fefda97000 	C:\Windows\system32\OLEAUT32.dll
0x0000000074970000 - 0x0000000074a31000 	C:\Program Files\MATLAB\R2012b\bin\win64\mcr.dll
0x0000000075000000 - 0x00000000753e9000 	C:\Program Files\MATLAB\R2012b\bin\win64\iqm.dll
0x0000000074e80000 - 0x0000000074f38000 	C:\Program Files\MATLAB\R2012b\bin\win64\m_dispatcher.dll
0x0000000074880000 - 0x000000007496d000 	C:\Program Files\MATLAB\R2012b\bin\win64\boost_regex-vc90-mt-1_44.dll
0x000007fee1100000 - 0x000007fee1971000 	C:\Program Files\MATLAB\R2012b\bin\win64\m_interpreter.dll
0x0000000067860000 - 0x0000000067887000 	C:\Program Files\MATLAB\R2012b\bin\win64\libmex.dll
0x000000005b170000 - 0x000000005b1f4000 	C:\Program Files\MATLAB\R2012b\bin\win64\profiler.dll
0x00000000050d0000 - 0x000000000533a000 	C:\Program Files\MATLAB\R2012b\bin\win64\libmwmathutil.dll
0x0000000079f40000 - 0x0000000079f6e000 	C:\Program Files\MATLAB\R2012b\bin\win64\libmwmathrng.dll
0x0000000005360000 - 0x0000000005372000 	C:\Program Files\MATLAB\R2012b\bin\win64\libmwmfl_rng.dll
0x0000000074c10000 - 0x0000000074cee000 	C:\Program Files\MATLAB\R2012b\bin\win64\libmwmathcore.dll
0x0000000076160000 - 0x00000000761ca000 	C:\Program Files\MATLAB\R2012b\bin\win64\libmwspmatrix.dll
0x0000000075ea0000 - 0x0000000075f02000 	C:\Program Files\MATLAB\R2012b\bin\win64\libmwcholmod.dll
0x000000007a460000 - 0x000000007a46d000 	C:\Program Files\MATLAB\R2012b\bin\win64\libmwamd.dll
0x000000007a4b0000 - 0x000000007a4bc000 	C:\Program Files\MATLAB\R2012b\bin\win64\libmwcolamd.dll
0x000000007a290000 - 0x000000007a2a9000 	C:\Program Files\MATLAB\R2012b\bin\win64\libmwblas.dll
0x000000007a310000 - 0x000000007a321000 	C:\Program Files\MATLAB\R2012b\bin\win64\libmwbinder.dll
0x000000007a4d0000 - 0x000000007a4dc000 	C:\Program Files\MATLAB\R2012b\bin\win64\libmwompwrapper.dll
0x0000000005410000 - 0x0000000005495000 	C:\Program Files\MATLAB\R2012b\bin\win64\libmwlapack.dll
0x0000000067830000 - 0x0000000067851000 	C:\Program Files\MATLAB\R2012b\bin\win64\m_pcodeio.dll
0x0000000079b10000 - 0x0000000079b77000 	C:\Program Files\MATLAB\R2012b\bin\win64\m_ir.dll
0x0000000059330000 - 0x00000000599a0000 	C:\Program Files\MATLAB\R2012b\bin\win64\m_parser.dll
0x0000000067dd0000 - 0x0000000067dea000 	C:\Program Files\MATLAB\R2012b\bin\win64\ir_xfmr.dll
0x000007fee4bd0000 - 0x000007fee4e66000 	C:\Program Files\MATLAB\R2012b\bin\win64\mcos.dll
0x0000000065af0000 - 0x0000000065b01000 	C:\Program Files\MATLAB\R2012b\bin\win64\mtok.dll
0x000000005b130000 - 0x000000005b161000 	C:\Program Files\MATLAB\R2012b\bin\win64\m_pcodegen.dll
0x0000000079fb0000 - 0x0000000079fe6000 	C:\Program Files\MATLAB\R2012b\bin\win64\libmwbridge.dll
0x0000000059260000 - 0x0000000059328000 	C:\Program Files\MATLAB\R2012b\bin\win64\udd.dll
0x0000000059100000 - 0x0000000059252000 	C:\Program Files\MATLAB\R2012b\bin\win64\libmwgui.dll
0x00000000590e0000 - 0x00000000590f7000 	C:\Program Files\MATLAB\R2012b\bin\win64\graphics_util.dll
0x0000000058680000 - 0x00000000590df000 	C:\Program Files\MATLAB\R2012b\bin\win64\hg.dll
0x0000000005570000 - 0x00000000055d8000 	C:\Program Files\MATLAB\R2012b\bin\win64\libmat.dll
0x0000000072d30000 - 0x0000000072f44000 	C:\Program Files\MATLAB\R2012b\bin\win64\hdf5dll.dll
0x0000000075710000 - 0x00000000757de000 	C:\Program Files\MATLAB\R2012b\bin\win64\jmi.dll
0x0000000005610000 - 0x000000000561d000 	C:\Program Files\MATLAB\R2012b\bin\win64\nativejava_services.dll
0x0000000058630000 - 0x0000000058676000 	C:\Program Files\MATLAB\R2012b\bin\win64\libmwhardcopy.dll
0x00000000585c0000 - 0x0000000058623000 	C:\Program Files\MATLAB\R2012b\bin\win64\libuij.dll
0x0000000058350000 - 0x00000000585b4000 	C:\Program Files\MATLAB\R2012b\bin\win64\hgdatatypes.dll
0x0000000057240000 - 0x000000005735f000 	C:\Program Files\MATLAB\R2012b\bin\win64\hgutils.dll
0x0000000058290000 - 0x0000000058350000 	C:\Program Files\MATLAB\R2012b\bin\win64\udd_mi.dll
0x0000000005680000 - 0x00000000056bb000 	C:\Program Files\MATLAB\R2012b\bin\win64\libmwgbtutils.dll
0x00000000056d0000 - 0x00000000056eb000 	C:\Program Files\MATLAB\R2012b\bin\win64\libmwgbt.dll
0x0000000005700000 - 0x00000000059d1000 	C:\Program Files\MATLAB\R2012b\bin\win64\uiw.dll
0x0000000067cc0000 - 0x0000000067ccf000 	C:\Program Files\MATLAB\R2012b\bin\win64\uinone.dll
0x0000000005a00000 - 0x0000000005a29000 	C:\Program Files\MATLAB\R2012b\bin\win64\libmwnativefiledialogs.dll
0x0000000005a40000 - 0x0000000005a48000 	C:\Program Files\MATLAB\R2012b\bin\win64\libmwplatform_res.dll
0x000007fef8d50000 - 0x000007fef8d68000 	C:\Windows\system32\MPR.dll
0x0000000056d50000 - 0x0000000057234000 	C:\Windows\WinSxS\amd64_microsoft.vc90.mfc_1fc8b3b9a1e18e3b_9.0.30729.6161_none_044aad0bab1eb146\mfc90.dll
0x000007fefa1a0000 - 0x000007fefa1a7000 	C:\Windows\system32\MSIMG32.dll
0x000007fef9f20000 - 0x000007fef9f91000 	C:\Windows\system32\WINSPOOL.DRV
0x0000000058260000 - 0x0000000058282000 	C:\Program Files\MATLAB\R2012b\bin\win64\mwoles05.DLL
0x0000000056cd0000 - 0x0000000056d4d000 	C:\Program Files\MATLAB\R2012b\bin\win64\comcli.dll
0x0000000074130000 - 0x000000007415f000 	C:\Windows\WinSxS\amd64_microsoft.vc90.atl_1fc8b3b9a1e18e3b_9.0.30729.6161_none_0a1fd3a3a768b895\ATL90.DLL
0x0000000067610000 - 0x000000006761c000 	C:\Program Files\MATLAB\R2012b\bin\win64\mlautoregister.dll
0x000007feff510000 - 0x000007feff53e000 	C:\Windows\system32\IMM32.DLL
0x000007fefd750000 - 0x000007fefd859000 	C:\Windows\system32\MSCTF.dll
0x000007fefb770000 - 0x000007fefb7c6000 	C:\Windows\system32\UxTheme.dll
0x000007fefb7d0000 - 0x000007fefb7e8000 	C:\Windows\system32\dwmapi.dll
0x0000000065d80000 - 0x0000000065d8d000 	C:\Windows\WinSxS\amd64_microsoft.vc90.mfcloc_1fc8b3b9a1e18e3b_9.0.30729.6161_none_01c9581e60cbee58\MFC90ENU.DLL
0x000007fefcfe0000 - 0x000007fefcfef000 	C:\Windows\system32\profapi.dll
0x0000000005bf0000 - 0x0000000005bff000 	C:\Program Files\MATLAB\R2012b\bin\win64\xmlxrcsc.dll
0x000000000d660000 - 0x000000000d8cf000 	C:\Program Files\NVIDIA Corporation\nview\nview64.dll
0x000007fefc0d0000 - 0x000007fefc0dc000 	C:\Windows\system32\VERSION.dll
0x000007fefc260000 - 0x000007fefc271000 	C:\Windows\system32\WTSAPI32.dll
0x000007fefa210000 - 0x000007fefa24b000 	C:\Windows\system32\WINMM.dll
0x000007fefbe20000 - 0x000007fefbe4c000 	C:\Windows\system32\POWRPROF.dll
0x000007fefdee0000 - 0x000007fefe0b7000 	C:\Windows\system32\SETUPAPI.dll
0x000007fefd380000 - 0x000007fefd3b6000 	C:\Windows\system32\CFGMGR32.dll
0x000007fefd2e0000 - 0x000007fefd2fa000 	C:\Windows\system32\DEVOBJ.dll

VM Arguments:
jvm_args: -Xss512k -XX:PermSize=32m -Xms64m -XX:NewRatio=3 -XX:MaxPermSize=128m -Xmx196m -XX:MaxDirectMemorySize=2147400000 -Dsun.java2d.noddraw=true -Dsun.awt.nopixfmt=true -Xshare:off -Xrs -Dsun.awt.disableMixing=true -Djava.library.path=C:\Program Files\MATLAB\R2012b\bin\win64;C:\Program Files\MATLAB\R2012b\sys\jxbrowser\win64\lib vfprintf abort 
java_command: <unknown>
Launcher Type: generic

Environment Variables:
PATH=C:\Program Files\Common Files\Microsoft Shared\Windows Live;C:\Program Files (x86)\Common Files\Microsoft Shared\Windows Live;C:\Program Files (x86)\Intel\iCLS Client\;C:\Program Files\Intel\iCLS Client\;C:\Windows\system32;C:\Windows;C:\Windows\System32\Wbem;C:\Windows\System32\WindowsPowerShell\v1.0\;C:\Program Files\Intel\Intel(R) Management Engine Components\DAL;C:\Program Files\Intel\Intel(R) Management Engine Components\IPT;C:\Program Files (x86)\Intel\Intel(R) Management Engine Components\DAL;C:\Program Files (x86)\Intel\Intel(R) Management Engine Components\IPT;C:\Program Files (x86)\Windows Live\Shared;C:\Program Files (x86)\Microsoft SQL Server\100\Tools\Binn\;C:\Program Files\Microsoft SQL Server\100\Tools\Binn\;C:\Program Files\Microsoft SQL Server\100\DTS\Binn\;C:\Program Files\TortoiseGit\bin;C:\Program Files (x86)\Windows Kits\8.1\Windows Performance Toolkit\;C:\Program Files\Microsoft SQL Server\110\Tools\Binn\;C:\Program Files\MATLAB\R2013b\runtime\win64;C:\Program Files\MATLAB\R2013b\bin;C:\Program Files\MATLAB\R2013b\polyspace\bin;C:\Program Files\MATLAB\R2012b\runtime\win64;C:\Program Files\MATLAB\R2012b\bin;C:\Program Files\Quanser\QUARC\
USERNAME=airshow
OS=Windows_NT
PROCESSOR_IDENTIFIER=Intel64 Family 6 Model 62 Stepping 4, GenuineIntel



---------------  S Y S T E M  ---------------

OS: Windows 7 Build 7601 Service Pack 1

CPU:total 48 (16 cores per cpu, 2 threads per core) family 6 model 62 stepping 4, cmov, cx8, fxsr, mmx, sse, sse2, sse3, ssse3, sse4.1, sse4.2, ht

Memory: 4k page, physical 67051748k(61402736k free), swap 134101632k(126798376k free)

vm_info: Java HotSpot(TM) 64-Bit Server VM (14.3-b01) for windows-amd64 JRE (1.6.0_17-b04), built on Oct 11 2009 00:46:08 by "java_re" with MS VC++ 8.0

time: Thu Jul 17 16:30:18 2014
elapsed time: 4107 seconds

